{
  message: ' Database connected success',
  level: 'info',
  label: 'right meow!',
  timestamp: '2023-06-03T12:07:23.342Z'
}
{
  message: 'Example app listening on port 5000',
  level: 'info',
  label: 'right meow!',
  timestamp: '2023-06-03T12:07:23.381Z'
}
{
  message: ' Database connected success',
  level: 'info',
  label: 'right meow!',
  timestamp: '2023-06-03T12:07:49.105Z'
}
{
  message: 'Example app listening on port 5000',
  level: 'info',
  label: 'right meow!',
  timestamp: '2023-06-03T12:07:49.133Z'
}
{
  message: ' Database connected success',
  level: 'info',
  label: 'right meow!',
  timestamp: '2023-06-03T12:07:53.975Z'
}
{
  message: 'Example app listening on port 5000',
  level: 'info',
  label: 'right meow!',
  timestamp: '2023-06-03T12:07:54.006Z'
}
Sat Jun 03 2023 18: 8: 36 [right meow!] info:  Database connected success
Sat Jun 03 2023 18: 8: 36 [right meow!] info: Example app listening on port 5000
Sat Jun 03 2023 18: 12: 42 [right meow!] info:  Database connected success
Sat Jun 03 2023 18: 12: 42 [right meow!] info: Example app listening on port 5000
