{
  message: ' Database connected success',
  level: 'info',
  label: 'right meow!',
  timestamp: '2023-06-03T12:06:13.906Z'
}
{
  message: 'Example app listening on port 5000',
  level: 'info',
  label: 'right meow!',
  timestamp: '2023-06-03T12:06:13.942Z'
}
{
  message: ' Database connected success',
  level: 'info',
  label: 'right meow!',
  timestamp: '2023-06-03T12:06:22.836Z'
}
{
  message: 'Example app listening on port 5000',
  level: 'info',
  label: 'right meow!',
  timestamp: '2023-06-03T12:06:22.864Z'
}
